<?xml version="1.0" encoding="UTF-8"?>
<testsuite xmlns:xsi="http://www.w3.org/2001/XMLSchema-instance" xsi:noNamespaceSchemaLocation="https://maven.apache.org/surefire/maven-surefire-plugin/xsd/surefire-test-report.xsd" name="TestSuite" time="40.542" tests="64" errors="0" skipped="0" failures="0">
  <properties>
    <property name="java.specification.version" value="17"/>
    <property name="sun.cpu.isalist" value="amd64"/>
    <property name="sun.jnu.encoding" value="Cp1252"/>
    <property name="java.class.path" value="E:\seleniumprojects\FinalRestAssuredProjectApi\target\test-classes;E:\seleniumprojects\FinalRestAssuredProjectApi\target\classes;C:\Users\LORD TRADE\.m2\repository\junit\junit\4.11\junit-4.11.jar;C:\Users\LORD TRADE\.m2\repository\org\hamcrest\hamcrest-core\1.3\hamcrest-core-1.3.jar;C:\Users\LORD TRADE\.m2\repository\org\hamcrest\hamcrest-all\1.3\hamcrest-all-1.3.jar;C:\Users\LORD TRADE\.m2\repository\com\fasterxml\jackson\core\jackson-databind\2.13.2.2\jackson-databind-2.13.2.2.jar;C:\Users\LORD TRADE\.m2\repository\com\fasterxml\jackson\core\jackson-annotations\2.13.2\jackson-annotations-2.13.2.jar;C:\Users\LORD TRADE\.m2\repository\com\fasterxml\jackson\core\jackson-core\2.13.2\jackson-core-2.13.2.jar;C:\Users\LORD TRADE\.m2\repository\org\testng\testng\7.5\testng-7.5.jar;C:\Users\LORD TRADE\.m2\repository\com\google\code\findbugs\jsr305\3.0.1\jsr305-3.0.1.jar;C:\Users\LORD TRADE\.m2\repository\org\slf4j\slf4j-api\1.7.32\slf4j-api-1.7.32.jar;C:\Users\LORD TRADE\.m2\repository\com\beust\jcommander\1.78\jcommander-1.78.jar;C:\Users\LORD TRADE\.m2\repository\org\webjars\jquery\3.5.1\jquery-3.5.1.jar;C:\Users\LORD TRADE\.m2\repository\io\rest-assured\rest-assured\4.5.1\rest-assured-4.5.1.jar;C:\Users\LORD TRADE\.m2\repository\org\codehaus\groovy\groovy\3.0.9\groovy-3.0.9.jar;C:\Users\LORD TRADE\.m2\repository\org\codehaus\groovy\groovy-xml\3.0.9\groovy-xml-3.0.9.jar;C:\Users\LORD TRADE\.m2\repository\org\apache\httpcomponents\httpclient\4.5.13\httpclient-4.5.13.jar;C:\Users\LORD TRADE\.m2\repository\org\apache\httpcomponents\httpcore\4.4.13\httpcore-4.4.13.jar;C:\Users\LORD TRADE\.m2\repository\commons-logging\commons-logging\1.2\commons-logging-1.2.jar;C:\Users\LORD TRADE\.m2\repository\org\apache\httpcomponents\httpmime\4.5.13\httpmime-4.5.13.jar;C:\Users\LORD TRADE\.m2\repository\org\hamcrest\hamcrest\2.1\hamcrest-2.1.jar;C:\Users\LORD TRADE\.m2\repository\org\ccil\cowan\tagsoup\tagsoup\1.2.1\tagsoup-1.2.1.jar;C:\Users\LORD TRADE\.m2\repository\io\rest-assured\json-path\4.5.1\json-path-4.5.1.jar;C:\Users\LORD TRADE\.m2\repository\org\codehaus\groovy\groovy-json\3.0.9\groovy-json-3.0.9.jar;C:\Users\LORD TRADE\.m2\repository\io\rest-assured\rest-assured-common\4.5.1\rest-assured-common-4.5.1.jar;C:\Users\LORD TRADE\.m2\repository\io\rest-assured\xml-path\4.5.1\xml-path-4.5.1.jar;C:\Users\LORD TRADE\.m2\repository\org\apache\commons\commons-lang3\3.11\commons-lang3-3.11.jar;C:\Users\LORD TRADE\.m2\repository\com\googlecode\json-simple\json-simple\1.1.1\json-simple-1.1.1.jar;C:\Users\LORD TRADE\.m2\repository\org\apache\poi\poi-ooxml\5.2.2\poi-ooxml-5.2.2.jar;C:\Users\LORD TRADE\.m2\repository\org\apache\poi\poi-ooxml-lite\5.2.2\poi-ooxml-lite-5.2.2.jar;C:\Users\LORD TRADE\.m2\repository\org\apache\xmlbeans\xmlbeans\5.0.3\xmlbeans-5.0.3.jar;C:\Users\LORD TRADE\.m2\repository\org\apache\commons\commons-compress\1.21\commons-compress-1.21.jar;C:\Users\LORD TRADE\.m2\repository\commons-io\commons-io\2.11.0\commons-io-2.11.0.jar;C:\Users\LORD TRADE\.m2\repository\com\github\virtuald\curvesapi\1.07\curvesapi-1.07.jar;C:\Users\LORD TRADE\.m2\repository\org\apache\logging\log4j\log4j-api\2.17.2\log4j-api-2.17.2.jar;C:\Users\LORD TRADE\.m2\repository\org\apache\commons\commons-collections4\4.4\commons-collections4-4.4.jar;C:\Users\LORD TRADE\.m2\repository\org\apache\poi\poi\5.2.2\poi-5.2.2.jar;C:\Users\LORD TRADE\.m2\repository\commons-codec\commons-codec\1.15\commons-codec-1.15.jar;C:\Users\LORD TRADE\.m2\repository\org\apache\commons\commons-math3\3.6.1\commons-math3-3.6.1.jar;C:\Users\LORD TRADE\.m2\repository\com\zaxxer\SparseBitSet\1.2\SparseBitSet-1.2.jar;"/>
    <property name="java.vm.vendor" value="Oracle Corporation"/>
    <property name="sun.arch.data.model" value="64"/>
    <property name="user.variant" value=""/>
    <property name="java.vendor.url" value="https://java.oracle.com/"/>
    <property name="user.timezone" value="Africa/Cairo"/>
    <property name="os.name" value="Windows 10"/>
    <property name="java.vm.specification.version" value="17"/>
    <property name="sun.java.launcher" value="SUN_STANDARD"/>
    <property name="user.country" value="US"/>
    <property name="sun.boot.library.path" value="C:\Program Files\Java\jdk-17\bin"/>
    <property name="sun.java.command" value="C:\Users\LORDTR~1\AppData\Local\Temp\surefire7802217768033324929\surefirebooter17007513785464062410.jar C:\Users\LORD TRADE\AppData\Local\Temp\surefire7802217768033324929 2022-04-25T16-57-19_145-jvmRun1 surefire6095513951890807176tmp surefire_06490273706686654780tmp"/>
    <property name="jdk.debug" value="release"/>
    <property name="surefire.test.class.path" value="E:\seleniumprojects\FinalRestAssuredProjectApi\target\test-classes;E:\seleniumprojects\FinalRestAssuredProjectApi\target\classes;C:\Users\LORD TRADE\.m2\repository\junit\junit\4.11\junit-4.11.jar;C:\Users\LORD TRADE\.m2\repository\org\hamcrest\hamcrest-core\1.3\hamcrest-core-1.3.jar;C:\Users\LORD TRADE\.m2\repository\org\hamcrest\hamcrest-all\1.3\hamcrest-all-1.3.jar;C:\Users\LORD TRADE\.m2\repository\com\fasterxml\jackson\core\jackson-databind\2.13.2.2\jackson-databind-2.13.2.2.jar;C:\Users\LORD TRADE\.m2\repository\com\fasterxml\jackson\core\jackson-annotations\2.13.2\jackson-annotations-2.13.2.jar;C:\Users\LORD TRADE\.m2\repository\com\fasterxml\jackson\core\jackson-core\2.13.2\jackson-core-2.13.2.jar;C:\Users\LORD TRADE\.m2\repository\org\testng\testng\7.5\testng-7.5.jar;C:\Users\LORD TRADE\.m2\repository\com\google\code\findbugs\jsr305\3.0.1\jsr305-3.0.1.jar;C:\Users\LORD TRADE\.m2\repository\org\slf4j\slf4j-api\1.7.32\slf4j-api-1.7.32.jar;C:\Users\LORD TRADE\.m2\repository\com\beust\jcommander\1.78\jcommander-1.78.jar;C:\Users\LORD TRADE\.m2\repository\org\webjars\jquery\3.5.1\jquery-3.5.1.jar;C:\Users\LORD TRADE\.m2\repository\io\rest-assured\rest-assured\4.5.1\rest-assured-4.5.1.jar;C:\Users\LORD TRADE\.m2\repository\org\codehaus\groovy\groovy\3.0.9\groovy-3.0.9.jar;C:\Users\LORD TRADE\.m2\repository\org\codehaus\groovy\groovy-xml\3.0.9\groovy-xml-3.0.9.jar;C:\Users\LORD TRADE\.m2\repository\org\apache\httpcomponents\httpclient\4.5.13\httpclient-4.5.13.jar;C:\Users\LORD TRADE\.m2\repository\org\apache\httpcomponents\httpcore\4.4.13\httpcore-4.4.13.jar;C:\Users\LORD TRADE\.m2\repository\commons-logging\commons-logging\1.2\commons-logging-1.2.jar;C:\Users\LORD TRADE\.m2\repository\org\apache\httpcomponents\httpmime\4.5.13\httpmime-4.5.13.jar;C:\Users\LORD TRADE\.m2\repository\org\hamcrest\hamcrest\2.1\hamcrest-2.1.jar;C:\Users\LORD TRADE\.m2\repository\org\ccil\cowan\tagsoup\tagsoup\1.2.1\tagsoup-1.2.1.jar;C:\Users\LORD TRADE\.m2\repository\io\rest-assured\json-path\4.5.1\json-path-4.5.1.jar;C:\Users\LORD TRADE\.m2\repository\org\codehaus\groovy\groovy-json\3.0.9\groovy-json-3.0.9.jar;C:\Users\LORD TRADE\.m2\repository\io\rest-assured\rest-assured-common\4.5.1\rest-assured-common-4.5.1.jar;C:\Users\LORD TRADE\.m2\repository\io\rest-assured\xml-path\4.5.1\xml-path-4.5.1.jar;C:\Users\LORD TRADE\.m2\repository\org\apache\commons\commons-lang3\3.11\commons-lang3-3.11.jar;C:\Users\LORD TRADE\.m2\repository\com\googlecode\json-simple\json-simple\1.1.1\json-simple-1.1.1.jar;C:\Users\LORD TRADE\.m2\repository\org\apache\poi\poi-ooxml\5.2.2\poi-ooxml-5.2.2.jar;C:\Users\LORD TRADE\.m2\repository\org\apache\poi\poi-ooxml-lite\5.2.2\poi-ooxml-lite-5.2.2.jar;C:\Users\LORD TRADE\.m2\repository\org\apache\xmlbeans\xmlbeans\5.0.3\xmlbeans-5.0.3.jar;C:\Users\LORD TRADE\.m2\repository\org\apache\commons\commons-compress\1.21\commons-compress-1.21.jar;C:\Users\LORD TRADE\.m2\repository\commons-io\commons-io\2.11.0\commons-io-2.11.0.jar;C:\Users\LORD TRADE\.m2\repository\com\github\virtuald\curvesapi\1.07\curvesapi-1.07.jar;C:\Users\LORD TRADE\.m2\repository\org\apache\logging\log4j\log4j-api\2.17.2\log4j-api-2.17.2.jar;C:\Users\LORD TRADE\.m2\repository\org\apache\commons\commons-collections4\4.4\commons-collections4-4.4.jar;C:\Users\LORD TRADE\.m2\repository\org\apache\poi\poi\5.2.2\poi-5.2.2.jar;C:\Users\LORD TRADE\.m2\repository\commons-codec\commons-codec\1.15\commons-codec-1.15.jar;C:\Users\LORD TRADE\.m2\repository\org\apache\commons\commons-math3\3.6.1\commons-math3-3.6.1.jar;C:\Users\LORD TRADE\.m2\repository\com\zaxxer\SparseBitSet\1.2\SparseBitSet-1.2.jar;"/>
    <property name="sun.cpu.endian" value="little"/>
    <property name="user.home" value="C:\Users\LORD TRADE"/>
    <property name="user.language" value="en"/>
    <property name="java.specification.vendor" value="Oracle Corporation"/>
    <property name="java.version.date" value="2021-09-14"/>
    <property name="java.home" value="C:\Program Files\Java\jdk-17"/>
    <property name="file.separator" value="\"/>
    <property name="basedir" value="E:\seleniumprojects\FinalRestAssuredProjectApi"/>
    <property name="java.vm.compressedOopsMode" value="32-bit"/>
    <property name="line.separator" value="&#10;"/>
    <property name="java.vm.specification.vendor" value="Oracle Corporation"/>
    <property name="java.specification.name" value="Java Platform API Specification"/>
    <property name="surefire.real.class.path" value="C:\Users\LORDTR~1\AppData\Local\Temp\surefire7802217768033324929\surefirebooter17007513785464062410.jar"/>
    <property name="user.script" value=""/>
    <property name="sun.management.compiler" value="HotSpot 64-Bit Tiered Compilers"/>
    <property name="java.runtime.version" value="17+35-LTS-2724"/>
    <property name="user.name" value="LORD TRADE"/>
    <property name="path.separator" value=";"/>
    <property name="os.version" value="10.0"/>
    <property name="java.runtime.name" value="Java(TM) SE Runtime Environment"/>
    <property name="file.encoding" value="Cp1252"/>
    <property name="java.vm.name" value="Java HotSpot(TM) 64-Bit Server VM"/>
    <property name="localRepository" value="C:\Users\LORD TRADE\.m2\repository"/>
    <property name="java.vendor.url.bug" value="https://bugreport.java.com/bugreport/"/>
    <property name="java.io.tmpdir" value="C:\Users\LORDTR~1\AppData\Local\Temp\"/>
    <property name="java.version" value="17"/>
    <property name="user.dir" value="E:\seleniumprojects\FinalRestAssuredProjectApi"/>
    <property name="os.arch" value="amd64"/>
    <property name="java.vm.specification.name" value="Java Virtual Machine Specification"/>
    <property name="sun.os.patch.level" value=""/>
    <property name="native.encoding" value="Cp1252"/>
    <property name="java.library.path" value="C:\Program Files\Java\jdk-17\bin;C:\Windows\Sun\Java\bin;C:\Windows\system32;C:\Windows;C:\Program Files\Java\jdk-17\bin;C:\Program Files\Java\jdk-11\bin;C:\Program Files\Java\jdk-17;D:\java8\bin;C:\Program Files\Common Files\Oracle\Java\javapath;C:\Program Files (x86)\Common Files\Oracle\Java\javapath;C:\Users\LORD TRADE\AppData\Local\Programs\Python\Python39\Scripts\;C:\Users\LORD TRADE\AppData\Local\Programs\Python\Python39\;C:\Windows\system32;C:\Windows;C:\Windows\System32\Wbem;C:\Windows\System32\WindowsPowerShell\v1.0\;C:\Windows\System32\OpenSSH\;C:\Program Files\nodejs\;C:\ProgramData\chocolatey\bin;C:\xampp\php;C:\ProgramData\ComposerSetup\bin;C:\Program Files\Git\cmd;C:\Program Files\apache-maven-3.8.4-bin\apache-maven-3.8.4\bin;C:\Program Files\allure-2.17.2\allure-2.17.2\bin;E:\jenkins-home\install-jenkins;C:\Users\LORD TRADE\AppData\Roaming\Microsoft\Windows\Start Menu\Programs\Jira Software;E:\nesrin\new\downloads\Docker Desktop Installer(3).exe;E:\nesrin\new\downloads\androidsdk;C:\Program Files (x86)\dotnet\;C:\Ruby30-x64\bin;C:\Users\LORD TRADE\AppData\Local\Microsoft\WindowsApps;C:\Users\LORD TRADE\AppData\Local\hyper\app-3.0.2\resources\bin;C:\Users\LORD TRADE\AppData\Roaming\npm;C:\Users\LORD TRADE\AppData\Roaming\Composer\vendor\bin;D:\vscode\Microsoft VS Code\bin;."/>
    <property name="java.vm.info" value="mixed mode, sharing"/>
    <property name="java.vendor" value="Oracle Corporation"/>
    <property name="java.vm.version" value="17+35-LTS-2724"/>
    <property name="sun.io.unicode.encoding" value="UnicodeLittle"/>
    <property name="java.class.version" value="61.0"/>
  </properties>
  <testcase name="checkstatuscode" classname="ApiBooker.Get" time="0.005"/>
  <testcase name="checkbody" classname="ApiBooker.Get" time="0.63"/>
  <testcase name="checkstatusline" classname="ApiBooker.Get" time="0"/>
  <testcase name="checkheader" classname="ApiBooker.Get" time="0.001"/>
  <testcase name="checkstatuscode" classname="ApiBooker.GetBooking" time="0.001"/>
  <testcase name="checkbody" classname="ApiBooker.GetBooking" time="0.272"/>
  <testcase name="checkstatusline" classname="ApiBooker.GetBooking" time="0"/>
  <testcase name="checkheader" classname="ApiBooker.GetBooking" time="0"/>
  <testcase name="checkstatus" classname="ApiBooker.CreateBooker" time="0"/>
  <testcase name="checkbody" classname="ApiBooker.CreateBooker" time="0.001"/>
  <testcase name="checkheader" classname="ApiBooker.CreateBooker" time="0.001"/>
  <testcase name="checkstatusline" classname="ApiBooker.CreateBooker" time="0.001"/>
  <testcase name="checkstatuscode" classname="ApiBooker.DeleteBooking" time="0"/>
  <testcase name="checkbody" classname="ApiBooker.DeleteBooking" time="0.002"/>
  <testcase name="checkstatusline" classname="ApiBooker.DeleteBooking" time="0"/>
  <testcase name="checkheader" classname="ApiBooker.DeleteBooking" time="0.001"/>
  <testcase name="putdata" classname="ApiBooker.PUTBOOKER" time="1.699"/>
  <testcase name="putdata" classname="ApiBooker.PUTBOOKER" time="1.651"/>
  <testcase name="putdata" classname="ApiBooker.PUTBOOKER" time="2.59"/>
  <testcase name="putdata" classname="ApiBooker.PUTBOOKER" time="1.669"/>
  <testcase name="putdata" classname="ApiBooker.PUTBOOKER" time="1.936"/>
  <testcase name="putdata" classname="ApiBooker.PUTBOOKER" time="1.781"/>
  <testcase name="checkstatuscode" classname="ApiBooker.PUTBOOKER" time="0"/>
  <testcase name="checkbody" classname="ApiBooker.PUTBOOKER" time="0.022"/>
  <testcase name="checkstatusline" classname="ApiBooker.PUTBOOKER" time="0"/>
  <testcase name="checkheader" classname="ApiBooker.PUTBOOKER" time="0"/>
  <testcase name="post" classname="SwaggerApi.PostPet" time="1"/>
  <testcase name="post" classname="SwaggerApi.PostPet" time="0.993"/>
  <testcase name="post" classname="SwaggerApi.PostPet" time="0.892"/>
  <testcase name="checkstatus" classname="SwaggerApi.PostPet" time="0.001"/>
  <testcase name="ceckbody" classname="SwaggerApi.PostPet" time="0.027"/>
  <testcase name="checkheader" classname="SwaggerApi.PostPet" time="0.001"/>
  <testcase name="checkstatusline" classname="SwaggerApi.PostPet" time="0"/>
  <testcase name="post" classname="SwaggerApi.PostStore" time="0.851"/>
  <testcase name="post" classname="SwaggerApi.PostStore" time="1.08"/>
  <testcase name="post" classname="SwaggerApi.PostStore" time="0.835"/>
  <testcase name="checkstatus" classname="SwaggerApi.PostStore" time="0.001"/>
  <testcase name="ceckbody" classname="SwaggerApi.PostStore" time="0.013"/>
  <testcase name="checkheader" classname="SwaggerApi.PostStore" time="0"/>
  <testcase name="checkstatusline" classname="SwaggerApi.PostStore" time="0"/>
  <testcase name="post" classname="SwaggerApi.PostUser" time="0.884"/>
  <testcase name="post" classname="SwaggerApi.PostUser" time="0.847"/>
  <testcase name="post" classname="SwaggerApi.PostUser" time="0.834"/>
  <testcase name="post" classname="SwaggerApi.PostUser" time="0.88"/>
  <testcase name="post" classname="SwaggerApi.PostUser" time="0.875"/>
  <testcase name="post" classname="SwaggerApi.PostUser" time="0.877"/>
  <testcase name="post" classname="SwaggerApi.PostUser" time="0.908"/>
  <testcase name="post" classname="SwaggerApi.PostUser" time="0.837"/>
  <testcase name="post" classname="SwaggerApi.PostUser" time="0.83"/>
  <testcase name="post" classname="SwaggerApi.PostUser" time="0.856"/>
  <testcase name="post" classname="SwaggerApi.PostUser" time="0.841"/>
  <testcase name="post" classname="SwaggerApi.PostUser" time="0.82"/>
  <testcase name="post" classname="SwaggerApi.PostUser" time="0.865"/>
  <testcase name="checkstatus" classname="SwaggerApi.PostUser" time="0.002"/>
  <testcase name="ceckbody" classname="SwaggerApi.PostUser" time="0.026"/>
  <testcase name="checkheader" classname="SwaggerApi.PostUser" time="0.001"/>
  <testcase name="checkstatusline" classname="SwaggerApi.PostUser" time="0"/>
  <testcase name="post" classname="SwaggerApi.Putpet" time="0.864"/>
  <testcase name="post" classname="SwaggerApi.Putpet" time="0.871"/>
  <testcase name="post" classname="SwaggerApi.Putpet" time="0.847"/>
  <testcase name="checkstatus" classname="SwaggerApi.Putpet" time="0.002"/>
  <testcase name="ceckbody" classname="SwaggerApi.Putpet" time="0.023"/>
  <testcase name="checkheader" classname="SwaggerApi.Putpet" time="0"/>
  <testcase name="checkstatusline" classname="SwaggerApi.Putpet" time="0.001"/>
</testsuite>