<?xml version="1.0" encoding="UTF-8"?>
<!-- Generated by org.testng.reporters.JUnitReportReporter -->
<testsuite hostname="DESKTOP-DIA066U" failures="0" tests="7" name="SwaggerApi.PostPet" time="2.910" errors="0" timestamp="2022-04-25T16:58:00 EET" skipped="0">
  <testcase classname="SwaggerApi.PostPet" name="checkheader" time="0.000"/>
  <system-out/>
  <testcase classname="SwaggerApi.PostPet" name="post" time="0.892"/>
  <system-out/>
  <testcase classname="SwaggerApi.PostPet" name="post" time="0.992"/>
  <system-out/>
  <testcase classname="SwaggerApi.PostPet" name="checkstatus" time="0.000"/>
  <system-out/>
  <testcase classname="SwaggerApi.PostPet" name="checkstatusline" time="0.001"/>
  <system-out/>
  <testcase classname="SwaggerApi.PostPet" name="post" time="0.999"/>
  <system-out/>
  <testcase classname="SwaggerApi.PostPet" name="ceckbody" time="0.026"/>
  <system-out/>
</testsuite> <!-- SwaggerApi.PostPet -->
