<?xml version="1.0" encoding="UTF-8"?>
<!-- Generated by org.testng.reporters.JUnitReportReporter -->
<testsuite hostname="DESKTOP-DIA066U" failures="0" tests="17" name="SwaggerApi.PostUser" time="11.184" errors="0" timestamp="2022-04-25T16:58:00 EET" skipped="0">
  <testcase classname="SwaggerApi.PostUser" name="post" time="0.883"/>
  <system-out/>
  <testcase classname="SwaggerApi.PostUser" name="post" time="0.820"/>
  <system-out/>
  <testcase classname="SwaggerApi.PostUser" name="post" time="0.847"/>
  <system-out/>
  <testcase classname="SwaggerApi.PostUser" name="post" time="0.838"/>
  <system-out/>
  <testcase classname="SwaggerApi.PostUser" name="post" time="0.835"/>
  <system-out/>
  <testcase classname="SwaggerApi.PostUser" name="post" time="0.864"/>
  <system-out/>
  <testcase classname="SwaggerApi.PostUser" name="post" time="0.908"/>
  <system-out/>
  <testcase classname="SwaggerApi.PostUser" name="post" time="0.830"/>
  <system-out/>
  <testcase classname="SwaggerApi.PostUser" name="checkstatus" time="0.001"/>
  <system-out/>
  <testcase classname="SwaggerApi.PostUser" name="post" time="0.856"/>
  <system-out/>
  <testcase classname="SwaggerApi.PostUser" name="post" time="0.877"/>
  <system-out/>
  <testcase classname="SwaggerApi.PostUser" name="checkheader" time="0.000"/>
  <system-out/>
  <testcase classname="SwaggerApi.PostUser" name="post" time="0.881"/>
  <system-out/>
  <testcase classname="SwaggerApi.PostUser" name="ceckbody" time="0.027"/>
  <system-out/>
  <testcase classname="SwaggerApi.PostUser" name="checkstatusline" time="0.001"/>
  <system-out/>
  <testcase classname="SwaggerApi.PostUser" name="post" time="0.841"/>
  <system-out/>
  <testcase classname="SwaggerApi.PostUser" name="post" time="0.875"/>
  <system-out/>
</testsuite> <!-- SwaggerApi.PostUser -->
