<?xml version="1.0" encoding="UTF-8"?>
<!-- Generated by org.testng.reporters.JUnitReportReporter -->
<testsuite hostname="DESKTOP-DIA066U" failures="0" tests="7" name="SwaggerApi.PostStore" time="2.779" errors="0" timestamp="2022-04-25T16:58:00 EET" skipped="0">
  <testcase classname="SwaggerApi.PostStore" name="checkstatus" time="0.000"/>
  <system-out/>
  <testcase classname="SwaggerApi.PostStore" name="post" time="1.080"/>
  <system-out/>
  <testcase classname="SwaggerApi.PostStore" name="ceckbody" time="0.013"/>
  <system-out/>
  <testcase classname="SwaggerApi.PostStore" name="post" time="0.836"/>
  <system-out/>
  <testcase classname="SwaggerApi.PostStore" name="checkstatusline" time="0.000"/>
  <system-out/>
  <testcase classname="SwaggerApi.PostStore" name="checkheader" time="0.000"/>
  <system-out/>
  <testcase classname="SwaggerApi.PostStore" name="post" time="0.850"/>
  <system-out/>
</testsuite> <!-- SwaggerApi.PostStore -->
