<?xml version="1.0" encoding="UTF-8"?>
<!-- Generated by org.testng.reporters.JUnitReportReporter -->
<testsuite hostname="DESKTOP-DIA066U" failures="0" tests="10" name="ApiBooker.PUTBOOKER" time="11.349" errors="0" timestamp="2022-04-25T16:58:00 EET" skipped="0">
  <testcase classname="ApiBooker.PUTBOOKER" name="checkstatuscode" time="0.000"/>
  <system-out/>
  <testcase classname="ApiBooker.PUTBOOKER" name="checkheader" time="0.001"/>
  <system-out/>
  <testcase classname="ApiBooker.PUTBOOKER" name="putdata" time="1.651"/>
  <system-out/>
  <testcase classname="ApiBooker.PUTBOOKER" name="putdata" time="2.590"/>
  <system-out/>
  <testcase classname="ApiBooker.PUTBOOKER" name="putdata" time="1.936"/>
  <system-out/>
  <testcase classname="ApiBooker.PUTBOOKER" name="putdata" time="1.699"/>
  <system-out/>
  <testcase classname="ApiBooker.PUTBOOKER" name="checkbody" time="0.021"/>
  <system-out/>
  <testcase classname="ApiBooker.PUTBOOKER" name="putdata" time="1.781"/>
  <system-out/>
  <testcase classname="ApiBooker.PUTBOOKER" name="putdata" time="1.669"/>
  <system-out/>
  <testcase classname="ApiBooker.PUTBOOKER" name="checkstatusline" time="0.001"/>
  <system-out/>
</testsuite> <!-- ApiBooker.PUTBOOKER -->
