<?xml version="1.0" encoding="UTF-8"?>
<!-- Generated by org.testng.reporters.JUnitReportReporter -->
<testsuite hostname="DESKTOP-DIA066U" failures="0" tests="4" name="ApiBooker.GetBooking" time="0.273" errors="0" timestamp="2022-04-25T16:58:00 EET" skipped="0">
  <testcase classname="ApiBooker.GetBooking" name="checkstatuscode" time="0.000"/>
  <system-out/>
  <testcase classname="ApiBooker.GetBooking" name="checkbody" time="0.272"/>
  <system-out/>
  <testcase classname="ApiBooker.GetBooking" name="checkstatusline" time="0.001"/>
  <system-out/>
  <testcase classname="ApiBooker.GetBooking" name="checkheader" time="0.000"/>
  <system-out/>
</testsuite> <!-- ApiBooker.GetBooking -->
