<?xml version="1.0" encoding="UTF-8"?>
<!-- Generated by org.testng.reporters.JUnitReportReporter -->
<testsuite hostname="DESKTOP-DIA066U" failures="0" tests="7" name="SwaggerApi.Putpet" time="2.604" errors="0" timestamp="2022-04-25T16:58:00 EET" skipped="0">
  <testcase classname="SwaggerApi.Putpet" name="checkstatus" time="0.001"/>
  <system-out/>
  <testcase classname="SwaggerApi.Putpet" name="checkstatusline" time="0.000"/>
  <system-out/>
  <testcase classname="SwaggerApi.Putpet" name="post" time="0.871"/>
  <system-out/>
  <testcase classname="SwaggerApi.Putpet" name="post" time="0.863"/>
  <system-out/>
  <testcase classname="SwaggerApi.Putpet" name="post" time="0.846"/>
  <system-out/>
  <testcase classname="SwaggerApi.Putpet" name="checkheader" time="0.000"/>
  <system-out/>
  <testcase classname="SwaggerApi.Putpet" name="ceckbody" time="0.023"/>
  <system-out/>
</testsuite> <!-- SwaggerApi.Putpet -->
