<?xml version="1.0" encoding="UTF-8"?>
<!-- Generated by org.testng.reporters.JUnitReportReporter -->
<testsuite hostname="DESKTOP-DIA066U" failures="0" tests="4" name="ApiBooker.Get" time="0.635" errors="0" timestamp="2022-04-25T16:58:00 EET" skipped="0">
  <testcase classname="ApiBooker.Get" name="checkstatuscode" time="0.004"/>
  <system-out/>
  <testcase classname="ApiBooker.Get" name="checkbody" time="0.630"/>
  <system-out/>
  <testcase classname="ApiBooker.Get" name="checkstatusline" time="0.001"/>
  <system-out/>
  <testcase classname="ApiBooker.Get" name="checkheader" time="0.000"/>
  <system-out/>
</testsuite> <!-- ApiBooker.Get -->
